
update.sh


auinstall.sh
cron.sh
cronadd.sh
logrun.sh
m1.sh
m2.sh
wl.txt
wpo1.txt
wpo2.txt

Azaccount.sh
auto-add.sh
auto-del.sh
auto-install.sh
auto-run-custome.sh
auto-run.sh
auto-setsub.sh
auto-start.sh
auto-sys-cron.sh
cmdviewgroup.sh
creatend96.sh
createvm.sh
vmcreate.sh
processname.sh
runlinux.sh
runsrc.sh
runsrcwl.sh
script-bash-default.sh
script-bash-manual.sh
script-bash-nodriveins.sh
ubuntu-driver-ins.sh
m3.sh
m4.sh
gitpath.txt
ins_script.sh
list_region_createvm.txt
list_region_full.txt




bot-control-deallocate.sh
bot-control-stop.sh
bot-create.sh
bot-schedule.sh
